platforms/android/app/build/outputs/logs/manifest-merger-debug-report.txt
-- Merging decision tree log ---
provider#org.apache.cordova.camera.FileProvider
INJECTED from src/main/AndroidManifest.xml:12:9-14:20
	android:grantUriPermissions
		ADDED from src/main/AndroidManifest.xml:12:92-126
	android:authorities
		INJECTED from src/main/AndroidManifest.xml
		ADDED from src/main/AndroidManifest.xml:12:19-66
	android:exported
		ADDED from src/main/AndroidManifest.xml:12:67-91
	android:name
		ADDED from src/main/AndroidManifest.xml:12:127-180
manifest
ADDED from src/main/AndroidManifest.xml:2:1-25:12
INJECTED from src/main/AndroidManifest.xml:2:1-25:12
INJECTED from src/main/AndroidManifest.xml:2:1-25:12
INJECTED from src/main/AndroidManifest.xml:2:1-25:12
MERGED from [com.sumup:merchant-sdk:3.0.0] AndroidManifest.xml:2:1-97:12
MERGED from [com.android.support:design:26.1.0] AndroidManifest.xml:17:1-31:12
MERGED from [com.android.support:appcompat-v7:26.1.0] AndroidManifest.xml:17:1-31:12
MERGED from [com.android.support:transition:26.1.0] AndroidManifest.xml:17:1-28:12
MERGED from [com.sumup:readerlib:3.0.0] AndroidManifest.xml:2:1-17:12
MERGED from [org.puredata.android:pd-core:1.0.2] AndroidManifest.xml:2:1-11:12
MERGED from [com.android.support:support-v4:26.1.0] AndroidManifest.xml:17:1-31:12
MERGED from [com.android.support:multidex:1.0.2] AndroidManifest.xml:17:1-22:12
MERGED from [:CordovaLib] AndroidManifest.xml:20:1-27:12
MERGED from [com.android.support:support-media-compat:26.1.0] AndroidManifest.xml:17:1-31:12
MERGED from [com.android.support:support-fragment:26.1.0] AndroidManifest.xml:17:1-31:12
MERGED from [com.android.support:support-core-utils:26.1.0] AndroidManifest.xml:17:1-31:12
MERGED from [com.android.support:animated-vector-drawable:26.1.0] AndroidManifest.xml:17:1-28:12
MERGED from [com.android.support:recyclerview-v7:26.1.0] AndroidManifest.xml:17:1-28:12
MERGED from [com.android.support:support-core-ui:26.1.0] AndroidManifest.xml:17:1-31:12
MERGED from [com.android.support:support-vector-drawable:26.1.0] AndroidManifest.xml:17:1-28:12
MERGED from [com.android.support:support-compat:26.1.0] AndroidManifest.xml:17:1-31:12
MERGED from [com.android.support:cardview-v7:26.1.0] AndroidManifest.xml:17:1-28:12
MERGED from [android.arch.lifecycle:runtime:1.0.0] AndroidManifest.xml:17:1-30:12
MERGED from [de.iosphere.sumup.pinplus.manchesterlib:manchesterlib:1.1.5] AndroidManifest.xml:2:1-15:12
MERGED from [com.noisepages.nettoyeur:midi:1.0.0-rc1] AndroidManifest.xml:2:1-11:12
INJECTED from src/main/AndroidManifest.xml:2:1-25:12
INJECTED from src/main/AndroidManifest.xml:2:1-25:12
INJECTED from src/main/AndroidManifest.xml:2:1-25:12
	package
		ADDED from src/main/AndroidManifest.xml:2:102-130
		INJECTED from src/main/AndroidManifest.xml
		INJECTED from src/main/AndroidManifest.xml
	android:versionName
		ADDED from src/main/AndroidManifest.xml:2:74-101
		INJECTED from src/main/AndroidManifest.xml
		INJECTED from src/main/AndroidManifest.xml
	android:hardwareAccelerated
		ADDED from src/main/AndroidManifest.xml:2:11-45
	xmlns:android
		ADDED from src/main/AndroidManifest.xml:2:131-189
	android:versionCode
		ADDED from src/main/AndroidManifest.xml:2:46-73
		INJECTED from src/main/AndroidManifest.xml
		INJECTED from src/main/AndroidManifest.xml
supports-screens
ADDED from src/main/AndroidManifest.xml:3:5-191
	android:largeScreens
		ADDED from src/main/AndroidManifest.xml:3:49-76
	android:smallScreens
		ADDED from src/main/AndroidManifest.xml:3:132-159
	android:normalScreens
		ADDED from src/main/AndroidManifest.xml:3:77-105
	android:xlargeScreens
		ADDED from src/main/AndroidManifest.xml:3:160-188
	android:resizeable
		ADDED from src/main/AndroidManifest.xml:3:106-131
	android:anyDensity
		ADDED from src/main/AndroidManifest.xml:3:23-48
uses-permission#android.permission.INTERNET
ADDED from src/main/AndroidManifest.xml:4:5-67
MERGED from [com.sumup:merchant-sdk:3.0.0] AndroidManifest.xml:12:5-67
MERGED from [com.sumup:merchant-sdk:3.0.0] AndroidManifest.xml:12:5-67
	android:name
		ADDED from src/main/AndroidManifest.xml:4:22-64
application
ADDED from src/main/AndroidManifest.xml:5:5-15:19
MERGED from [com.sumup:merchant-sdk:3.0.0] AndroidManifest.xml:52:5-95:19
MERGED from [com.sumup:merchant-sdk:3.0.0] AndroidManifest.xml:52:5-95:19
MERGED from [com.android.support:design:26.1.0] AndroidManifest.xml:25:5-29:19
MERGED from [com.android.support:design:26.1.0] AndroidManifest.xml:25:5-29:19
MERGED from [com.android.support:appcompat-v7:26.1.0] AndroidManifest.xml:25:5-29:19
MERGED from [com.android.support:appcompat-v7:26.1.0] AndroidManifest.xml:25:5-29:19
MERGED from [com.android.support:transition:26.1.0] AndroidManifest.xml:22:5-26:19
MERGED from [com.android.support:transition:26.1.0] AndroidManifest.xml:22:5-26:19
MERGED from [com.sumup:readerlib:3.0.0] AndroidManifest.xml:13:5-15:47
MERGED from [com.sumup:readerlib:3.0.0] AndroidManifest.xml:13:5-15:47
MERGED from [com.android.support:support-v4:26.1.0] AndroidManifest.xml:25:5-29:19
MERGED from [com.android.support:support-v4:26.1.0] AndroidManifest.xml:25:5-29:19
MERGED from [com.android.support:support-media-compat:26.1.0] AndroidManifest.xml:25:5-29:19
MERGED from [com.android.support:support-media-compat:26.1.0] AndroidManifest.xml:25:5-29:19
MERGED from [com.android.support:support-fragment:26.1.0] AndroidManifest.xml:25:5-29:19
MERGED from [com.android.support:support-fragment:26.1.0] AndroidManifest.xml:25:5-29:19
MERGED from [com.android.support:support-core-utils:26.1.0] AndroidManifest.xml:25:5-29:19
MERGED from [com.android.support:support-core-utils:26.1.0] AndroidManifest.xml:25:5-29:19
MERGED from [com.android.support:animated-vector-drawable:26.1.0] AndroidManifest.xml:22:5-26:19
MERGED from [com.android.support:animated-vector-drawable:26.1.0] AndroidManifest.xml:22:5-26:19
MERGED from [com.android.support:recyclerview-v7:26.1.0] AndroidManifest.xml:22:5-26:19
MERGED from [com.android.support:recyclerview-v7:26.1.0] AndroidManifest.xml:22:5-26:19
MERGED from [com.android.support:support-core-ui:26.1.0] AndroidManifest.xml:25:5-29:19
MERGED from [com.android.support:support-core-ui:26.1.0] AndroidManifest.xml:25:5-29:19
MERGED from [com.android.support:support-vector-drawable:26.1.0] AndroidManifest.xml:22:5-26:19
MERGED from [com.android.support:support-vector-drawable:26.1.0] AndroidManifest.xml:22:5-26:19
MERGED from [com.android.support:support-compat:26.1.0] AndroidManifest.xml:25:5-29:19
MERGED from [com.android.support:support-compat:26.1.0] AndroidManifest.xml:25:5-29:19
MERGED from [com.android.support:cardview-v7:26.1.0] AndroidManifest.xml:22:5-26:19
MERGED from [com.android.support:cardview-v7:26.1.0] AndroidManifest.xml:22:5-26:19
MERGED from [android.arch.lifecycle:runtime:1.0.0] AndroidManifest.xml:24:5-28:19
MERGED from [android.arch.lifecycle:runtime:1.0.0] AndroidManifest.xml:24:5-28:19
	android:supportsRtl
		ADDED from src/main/AndroidManifest.xml:5:114-140
	android:label
		ADDED from src/main/AndroidManifest.xml:5:81-113
	android:hardwareAccelerated
		ADDED from src/main/AndroidManifest.xml:5:18-52
	android:allowBackup
		ADDED from [com.sumup:readerlib:3.0.0] AndroidManifest.xml:14:9-35
	android:icon
		ADDED from src/main/AndroidManifest.xml:5:53-80
	tools:replace
		ADDED from [com.sumup:readerlib:3.0.0] AndroidManifest.xml:15:9-44
activity#com.bluetooth.test.MainActivity
ADDED from src/main/AndroidManifest.xml:6:9-11:20
	android:screenOrientation
		ADDED from src/main/AndroidManifest.xml:6:194-230
	android:label
		ADDED from src/main/AndroidManifest.xml:6:97-134
	android:launchMode
		ADDED from src/main/AndroidManifest.xml:6:135-165
	android:windowSoftInputMode
		ADDED from src/main/AndroidManifest.xml:6:294-336
	android:configChanges
		ADDED from src/main/AndroidManifest.xml:6:19-96
	android:theme
		ADDED from src/main/AndroidManifest.xml:6:231-293
	android:name
		ADDED from src/main/AndroidManifest.xml:6:166-193
intent-filter#android.intent.action.MAIN+android.intent.category.LAUNCHER
ADDED from src/main/AndroidManifest.xml:7:13-10:29
	android:label
		ADDED from src/main/AndroidManifest.xml:7:28-65
action#android.intent.action.MAIN
ADDED from src/main/AndroidManifest.xml:8:17-69
	android:name
		ADDED from src/main/AndroidManifest.xml:8:25-66
category#android.intent.category.LAUNCHER
ADDED from src/main/AndroidManifest.xml:9:17-77
	android:name
		ADDED from src/main/AndroidManifest.xml:9:27-74
uses-sdk
ADDED from src/main/AndroidManifest.xml:16:5-74
INJECTED from src/main/AndroidManifest.xml:16:5-74
INJECTED from src/main/AndroidManifest.xml:16:5-74
MERGED from [com.sumup:merchant-sdk:3.0.0] AndroidManifest.xml:8:5-10:41
MERGED from [com.sumup:merchant-sdk:3.0.0] AndroidManifest.xml:8:5-10:41
MERGED from [com.android.support:design:26.1.0] AndroidManifest.xml:21:5-23:62
MERGED from [com.android.support:design:26.1.0] AndroidManifest.xml:21:5-23:62
MERGED from [com.android.support:appcompat-v7:26.1.0] AndroidManifest.xml:21:5-23:78
MERGED from [com.android.support:appcompat-v7:26.1.0] AndroidManifest.xml:21:5-23:78
MERGED from [com.android.support:transition:26.1.0] AndroidManifest.xml:20:5-44
MERGED from [com.android.support:transition:26.1.0] AndroidManifest.xml:20:5-44
MERGED from [com.sumup:readerlib:3.0.0] AndroidManifest.xml:6:5-8:41
MERGED from [com.sumup:readerlib:3.0.0] AndroidManifest.xml:6:5-8:41
MERGED from [org.puredata.android:pd-core:1.0.2] AndroidManifest.xml:7:5-9:41
MERGED from [org.puredata.android:pd-core:1.0.2] AndroidManifest.xml:7:5-9:41
MERGED from [com.android.support:support-v4:26.1.0] AndroidManifest.xml:21:5-23:54
MERGED from [com.android.support:support-v4:26.1.0] AndroidManifest.xml:21:5-23:54
MERGED from [com.android.support:multidex:1.0.2] AndroidManifest.xml:20:5-43
MERGED from [com.android.support:multidex:1.0.2] AndroidManifest.xml:20:5-43
MERGED from [:CordovaLib] AndroidManifest.xml:25:5-44
MERGED from [:CordovaLib] AndroidManifest.xml:25:5-44
MERGED from [com.android.support:support-media-compat:26.1.0] AndroidManifest.xml:21:5-23:63
MERGED from [com.android.support:support-media-compat:26.1.0] AndroidManifest.xml:21:5-23:63
MERGED from [com.android.support:support-fragment:26.1.0] AndroidManifest.xml:21:5-23:60
MERGED from [com.android.support:support-fragment:26.1.0] AndroidManifest.xml:21:5-23:60
MERGED from [com.android.support:support-core-utils:26.1.0] AndroidManifest.xml:21:5-23:61
MERGED from [com.android.support:support-core-utils:26.1.0] AndroidManifest.xml:21:5-23:61
MERGED from [com.android.support:animated-vector-drawable:26.1.0] AndroidManifest.xml:20:5-44
MERGED from [com.android.support:animated-vector-drawable:26.1.0] AndroidManifest.xml:20:5-44
MERGED from [com.android.support:recyclerview-v7:26.1.0] AndroidManifest.xml:20:5-44
MERGED from [com.android.support:recyclerview-v7:26.1.0] AndroidManifest.xml:20:5-44
MERGED from [com.android.support:support-core-ui:26.1.0] AndroidManifest.xml:21:5-23:58
MERGED from [com.android.support:support-core-ui:26.1.0] AndroidManifest.xml:21:5-23:58
MERGED from [com.android.support:support-vector-drawable:26.1.0] AndroidManifest.xml:20:5-44
MERGED from [com.android.support:support-vector-drawable:26.1.0] AndroidManifest.xml:20:5-44
MERGED from [com.android.support:support-compat:26.1.0] AndroidManifest.xml:21:5-23:58
MERGED from [com.android.support:support-compat:26.1.0] AndroidManifest.xml:21:5-23:58
MERGED from [com.android.support:cardview-v7:26.1.0] AndroidManifest.xml:20:5-44
MERGED from [com.android.support:cardview-v7:26.1.0] AndroidManifest.xml:20:5-44
MERGED from [android.arch.lifecycle:runtime:1.0.0] AndroidManifest.xml:20:5-22:41
MERGED from [android.arch.lifecycle:runtime:1.0.0] AndroidManifest.xml:20:5-22:41
MERGED from [de.iosphere.sumup.pinplus.manchesterlib:manchesterlib:1.1.5] AndroidManifest.xml:8:5-10:41
MERGED from [de.iosphere.sumup.pinplus.manchesterlib:manchesterlib:1.1.5] AndroidManifest.xml:8:5-10:41
MERGED from [com.noisepages.nettoyeur:midi:1.0.0-rc1] AndroidManifest.xml:7:5-9:40
MERGED from [com.noisepages.nettoyeur:midi:1.0.0-rc1] AndroidManifest.xml:7:5-9:40
INJECTED from src/main/AndroidManifest.xml:16:5-74
INJECTED from src/main/AndroidManifest.xml:16:5-74
	tools:overrideLibrary
		ADDED from [com.android.support:design:26.1.0] AndroidManifest.xml:23:9-59
	android:targetSdkVersion
		ADDED from src/main/AndroidManifest.xml:16:42-71
		INJECTED from src/main/AndroidManifest.xml
		INJECTED from src/main/AndroidManifest.xml
	android:minSdkVersion
		ADDED from src/main/AndroidManifest.xml:16:15-41
		INJECTED from src/main/AndroidManifest.xml
		INJECTED from src/main/AndroidManifest.xml
uses-permission#android.permission.BLUETOOTH
ADDED from src/main/AndroidManifest.xml:17:5-68
MERGED from [com.sumup:merchant-sdk:3.0.0] AndroidManifest.xml:19:5-68
MERGED from [com.sumup:merchant-sdk:3.0.0] AndroidManifest.xml:19:5-68
MERGED from [com.sumup:readerlib:3.0.0] AndroidManifest.xml:10:5-68
MERGED from [com.sumup:readerlib:3.0.0] AndroidManifest.xml:10:5-68
	android:name
		ADDED from src/main/AndroidManifest.xml:17:22-65
uses-permission#android.permission.BLUETOOTH_ADMIN
ADDED from src/main/AndroidManifest.xml:18:5-74
MERGED from [com.sumup:merchant-sdk:3.0.0] AndroidManifest.xml:20:5-74
MERGED from [com.sumup:merchant-sdk:3.0.0] AndroidManifest.xml:20:5-74
MERGED from [com.sumup:readerlib:3.0.0] AndroidManifest.xml:11:5-74
MERGED from [com.sumup:readerlib:3.0.0] AndroidManifest.xml:11:5-74
	android:name
		ADDED from src/main/AndroidManifest.xml:18:22-71
uses-permission#android.permission.ACCESS_COARSE_LOCATION
ADDED from src/main/AndroidManifest.xml:19:5-81
MERGED from [com.sumup:merchant-sdk:3.0.0] AndroidManifest.xml:15:5-81
MERGED from [com.sumup:merchant-sdk:3.0.0] AndroidManifest.xml:15:5-81
	android:name
		ADDED from src/main/AndroidManifest.xml:19:22-78
uses-permission#android.permission.WRITE_EXTERNAL_STORAGE
ADDED from src/main/AndroidManifest.xml:20:5-81
MERGED from [de.iosphere.sumup.pinplus.manchesterlib:manchesterlib:1.1.5] AndroidManifest.xml:12:5-81
MERGED from [de.iosphere.sumup.pinplus.manchesterlib:manchesterlib:1.1.5] AndroidManifest.xml:12:5-81
	android:name
		ADDED from src/main/AndroidManifest.xml:20:22-78
uses-permission#android.permission.ACCESS_FINE_LOCATION
ADDED from src/main/AndroidManifest.xml:21:5-79
MERGED from [com.sumup:merchant-sdk:3.0.0] AndroidManifest.xml:14:5-79
MERGED from [com.sumup:merchant-sdk:3.0.0] AndroidManifest.xml:14:5-79
	android:name
		ADDED from src/main/AndroidManifest.xml:21:22-76
uses-feature#android.hardware.location.gps
ADDED from src/main/AndroidManifest.xml:22:5-66
MERGED from [com.sumup:merchant-sdk:3.0.0] AndroidManifest.xml:30:5-32:36
MERGED from [com.sumup:merchant-sdk:3.0.0] AndroidManifest.xml:30:5-32:36
	android:name
		ADDED from src/main/AndroidManifest.xml:22:19-63
uses-permission#android.permission.ACCESS_NETWORK_STATE
ADDED from src/main/AndroidManifest.xml:23:5-79
MERGED from [com.sumup:merchant-sdk:3.0.0] AndroidManifest.xml:13:5-79
MERGED from [com.sumup:merchant-sdk:3.0.0] AndroidManifest.xml:13:5-79
	android:name
		ADDED from src/main/AndroidManifest.xml:23:22-76
uses-permission#android.permission.ACCESS_WIFI_STATE
ADDED from src/main/AndroidManifest.xml:24:5-76
	android:name
		ADDED from src/main/AndroidManifest.xml:24:22-73
meta-data#android.support.FILE_PROVIDER_PATHS
ADDED from src/main/AndroidManifest.xml:13:13-123
	android:resource
		ADDED from src/main/AndroidManifest.xml:13:75-120
	android:name
		ADDED from src/main/AndroidManifest.xml:13:24-74
uses-permission#android.permission.GET_ACCOUNTS
ADDED from [com.sumup:merchant-sdk:3.0.0] AndroidManifest.xml:16:5-71
	android:name
		ADDED from [com.sumup:merchant-sdk:3.0.0] AndroidManifest.xml:16:22-68
uses-permission#android.permission.RECORD_AUDIO
ADDED from [com.sumup:merchant-sdk:3.0.0] AndroidManifest.xml:17:5-71
MERGED from [de.iosphere.sumup.pinplus.manchesterlib:manchesterlib:1.1.5] AndroidManifest.xml:13:5-71
MERGED from [de.iosphere.sumup.pinplus.manchesterlib:manchesterlib:1.1.5] AndroidManifest.xml:13:5-71
	android:name
		ADDED from [com.sumup:merchant-sdk:3.0.0] AndroidManifest.xml:17:22-68
uses-permission#android.permission.MODIFY_AUDIO_SETTINGS
ADDED from [com.sumup:merchant-sdk:3.0.0] AndroidManifest.xml:18:5-80
	android:name
		ADDED from [com.sumup:merchant-sdk:3.0.0] AndroidManifest.xml:18:22-77
uses-permission#android.permission.NFC
ADDED from [com.sumup:merchant-sdk:3.0.0] AndroidManifest.xml:21:5-62
	android:name
		ADDED from [com.sumup:merchant-sdk:3.0.0] AndroidManifest.xml:21:22-59
uses-permission#com.google.android.providers.gsf.permission.READ_GSERVICES
ADDED from [com.sumup:merchant-sdk:3.0.0] AndroidManifest.xml:22:5-98
	android:name
		ADDED from [com.sumup:merchant-sdk:3.0.0] AndroidManifest.xml:22:22-95
uses-feature#0x00020000
ADDED from [com.sumup:merchant-sdk:3.0.0] AndroidManifest.xml:24:5-26:35
	android:glEsVersion
		ADDED from [com.sumup:merchant-sdk:3.0.0] AndroidManifest.xml:25:9-41
	android:required
		ADDED from [com.sumup:merchant-sdk:3.0.0] AndroidManifest.xml:26:9-32
uses-feature#android.hardware.camera
ADDED from [com.sumup:merchant-sdk:3.0.0] AndroidManifest.xml:27:5-29:36
	android:required
		ADDED from [com.sumup:merchant-sdk:3.0.0] AndroidManifest.xml:29:9-33
	android:name
		ADDED from [com.sumup:merchant-sdk:3.0.0] AndroidManifest.xml:28:9-47
uses-feature#android.hardware.location.network
ADDED from [com.sumup:merchant-sdk:3.0.0] AndroidManifest.xml:33:5-35:36
	android:required
		ADDED from [com.sumup:merchant-sdk:3.0.0] AndroidManifest.xml:35:9-33
	android:name
		ADDED from [com.sumup:merchant-sdk:3.0.0] AndroidManifest.xml:34:9-57
uses-feature#android.hardware.microphone
ADDED from [com.sumup:merchant-sdk:3.0.0] AndroidManifest.xml:36:5-38:36
	android:required
		ADDED from [com.sumup:merchant-sdk:3.0.0] AndroidManifest.xml:38:9-33
	android:name
		ADDED from [com.sumup:merchant-sdk:3.0.0] AndroidManifest.xml:37:9-51
uses-feature#android.hardware.touchscreen
ADDED from [com.sumup:merchant-sdk:3.0.0] AndroidManifest.xml:39:5-41:35
	android:required
		ADDED from [com.sumup:merchant-sdk:3.0.0] AndroidManifest.xml:41:9-32
	android:name
		ADDED from [com.sumup:merchant-sdk:3.0.0] AndroidManifest.xml:40:9-52
uses-feature#android.hardware.screen.portrait
ADDED from [com.sumup:merchant-sdk:3.0.0] AndroidManifest.xml:42:5-44:35
	android:required
		ADDED from [com.sumup:merchant-sdk:3.0.0] AndroidManifest.xml:44:9-32
	android:name
		ADDED from [com.sumup:merchant-sdk:3.0.0] AndroidManifest.xml:43:9-56
uses-feature#android.hardware.location
ADDED from [com.sumup:merchant-sdk:3.0.0] AndroidManifest.xml:45:5-47:35
	android:required
		ADDED from [com.sumup:merchant-sdk:3.0.0] AndroidManifest.xml:47:9-32
	android:name
		ADDED from [com.sumup:merchant-sdk:3.0.0] AndroidManifest.xml:46:9-49
uses-feature#android.hardware.bluetooth
ADDED from [com.sumup:merchant-sdk:3.0.0] AndroidManifest.xml:48:5-50:35
	android:required
		ADDED from [com.sumup:merchant-sdk:3.0.0] AndroidManifest.xml:50:9-32
	android:name
		ADDED from [com.sumup:merchant-sdk:3.0.0] AndroidManifest.xml:49:9-50
activity#com.sumup.merchant.api.LoadSumUpPaymentsActivity
ADDED from [com.sumup:merchant-sdk:3.0.0] AndroidManifest.xml:53:9-58:20
	android:screenOrientation
		ADDED from [com.sumup:merchant-sdk:3.0.0] AndroidManifest.xml:57:13-49
	android:label
		ADDED from [com.sumup:merchant-sdk:3.0.0] AndroidManifest.xml:56:13-57
	android:configChanges
		ADDED from [com.sumup:merchant-sdk:3.0.0] AndroidManifest.xml:55:13-74
	android:name
		ADDED from [com.sumup:merchant-sdk:3.0.0] AndroidManifest.xml:54:13-76
activity#com.sumup.merchant.api.LoadSumUpPaymentSettingsActivity
ADDED from [com.sumup:merchant-sdk:3.0.0] AndroidManifest.xml:59:9-64:20
	android:screenOrientation
		ADDED from [com.sumup:merchant-sdk:3.0.0] AndroidManifest.xml:63:13-49
	android:label
		ADDED from [com.sumup:merchant-sdk:3.0.0] AndroidManifest.xml:62:13-69
	android:configChanges
		ADDED from [com.sumup:merchant-sdk:3.0.0] AndroidManifest.xml:61:13-74
	android:name
		ADDED from [com.sumup:merchant-sdk:3.0.0] AndroidManifest.xml:60:13-83
activity#com.sumup.merchant.ui.Activities.LoginActivity
ADDED from [com.sumup:merchant-sdk:3.0.0] AndroidManifest.xml:65:9-73:20
	android:screenOrientation
		ADDED from [com.sumup:merchant-sdk:3.0.0] AndroidManifest.xml:70:13-49
	android:launchMode
		ADDED from [com.sumup:merchant-sdk:3.0.0] AndroidManifest.xml:69:13-43
	android:windowSoftInputMode
		ADDED from [com.sumup:merchant-sdk:3.0.0] AndroidManifest.xml:72:13-55
	android:exported
		ADDED from [com.sumup:merchant-sdk:3.0.0] AndroidManifest.xml:68:13-36
	android:configChanges
		ADDED from [com.sumup:merchant-sdk:3.0.0] AndroidManifest.xml:67:13-74
	android:theme
		ADDED from [com.sumup:merchant-sdk:3.0.0] AndroidManifest.xml:71:13-61
	android:name
		ADDED from [com.sumup:merchant-sdk:3.0.0] AndroidManifest.xml:66:13-74
activity#com.sumup.merchant.ui.Activities.CheckoutAPIDrivenPageActivity
ADDED from [com.sumup:merchant-sdk:3.0.0] AndroidManifest.xml:74:9-78:57
	android:screenOrientation
		ADDED from [com.sumup:merchant-sdk:3.0.0] AndroidManifest.xml:77:13-49
	android:windowSoftInputMode
		ADDED from [com.sumup:merchant-sdk:3.0.0] AndroidManifest.xml:78:13-54
	android:configChanges
		ADDED from [com.sumup:merchant-sdk:3.0.0] AndroidManifest.xml:76:13-74
	android:name
		ADDED from [com.sumup:merchant-sdk:3.0.0] AndroidManifest.xml:75:13-90
activity#com.sumup.merchant.ui.Activities.PaymentSettingsActivity
ADDED from [com.sumup:merchant-sdk:3.0.0] AndroidManifest.xml:79:9-83:49
	android:screenOrientation
		ADDED from [com.sumup:merchant-sdk:3.0.0] AndroidManifest.xml:82:13-49
	android:label
		ADDED from [com.sumup:merchant-sdk:3.0.0] AndroidManifest.xml:81:13-69
	android:theme
		ADDED from [com.sumup:merchant-sdk:3.0.0] AndroidManifest.xml:83:13-46
	android:name
		ADDED from [com.sumup:merchant-sdk:3.0.0] AndroidManifest.xml:80:13-84
activity#com.sumup.merchant.ui.Activities.PinPlusSetupActivity
ADDED from [com.sumup:merchant-sdk:3.0.0] AndroidManifest.xml:84:9-87:52
	android:screenOrientation
		ADDED from [com.sumup:merchant-sdk:3.0.0] AndroidManifest.xml:87:13-49
	android:configChanges
		ADDED from [com.sumup:merchant-sdk:3.0.0] AndroidManifest.xml:86:13-74
	android:name
		ADDED from [com.sumup:merchant-sdk:3.0.0] AndroidManifest.xml:85:13-81
service#com.sumup.merchant.print.ReceiptPrintService
ADDED from [com.sumup:merchant-sdk:3.0.0] AndroidManifest.xml:89:9-91:40
	android:exported
		ADDED from [com.sumup:merchant-sdk:3.0.0] AndroidManifest.xml:91:13-37
	android:name
		ADDED from [com.sumup:merchant-sdk:3.0.0] AndroidManifest.xml:90:13-72
service#org.puredata.android.service.PdService
ADDED from [com.sumup:merchant-sdk:3.0.0] AndroidManifest.xml:92:9-94:40
	android:exported
		ADDED from [com.sumup:merchant-sdk:3.0.0] AndroidManifest.xml:94:13-37
	android:name
		ADDED from [com.sumup:merchant-sdk:3.0.0] AndroidManifest.xml:93:13-66
meta-data#android.support.VERSION
ADDED from [com.android.support:design:26.1.0] AndroidManifest.xml:26:9-28:38
MERGED from [com.android.support:appcompat-v7:26.1.0] AndroidManifest.xml:26:9-28:38
MERGED from [com.android.support:appcompat-v7:26.1.0] AndroidManifest.xml:26:9-28:38
MERGED from [com.android.support:transition:26.1.0] AndroidManifest.xml:23:9-25:38
MERGED from [com.android.support:transition:26.1.0] AndroidManifest.xml:23:9-25:38
MERGED from [com.android.support:support-v4:26.1.0] AndroidManifest.xml:26:9-28:38
MERGED from [com.android.support:support-v4:26.1.0] AndroidManifest.xml:26:9-28:38
MERGED from [com.android.support:support-media-compat:26.1.0] AndroidManifest.xml:26:9-28:38
MERGED from [com.android.support:support-media-compat:26.1.0] AndroidManifest.xml:26:9-28:38
MERGED from [com.android.support:support-fragment:26.1.0] AndroidManifest.xml:26:9-28:38
MERGED from [com.android.support:support-fragment:26.1.0] AndroidManifest.xml:26:9-28:38
MERGED from [com.android.support:support-core-utils:26.1.0] AndroidManifest.xml:26:9-28:38
MERGED from [com.android.support:support-core-utils:26.1.0] AndroidManifest.xml:26:9-28:38
MERGED from [com.android.support:animated-vector-drawable:26.1.0] AndroidManifest.xml:23:9-25:38
MERGED from [com.android.support:animated-vector-drawable:26.1.0] AndroidManifest.xml:23:9-25:38
MERGED from [com.android.support:recyclerview-v7:26.1.0] AndroidManifest.xml:23:9-25:38
MERGED from [com.android.support:recyclerview-v7:26.1.0] AndroidManifest.xml:23:9-25:38
MERGED from [com.android.support:support-core-ui:26.1.0] AndroidManifest.xml:26:9-28:38
MERGED from [com.android.support:support-core-ui:26.1.0] AndroidManifest.xml:26:9-28:38
MERGED from [com.android.support:support-vector-drawable:26.1.0] AndroidManifest.xml:23:9-25:38
MERGED from [com.android.support:support-vector-drawable:26.1.0] AndroidManifest.xml:23:9-25:38
MERGED from [com.android.support:support-compat:26.1.0] AndroidManifest.xml:26:9-28:38
MERGED from [com.android.support:support-compat:26.1.0] AndroidManifest.xml:26:9-28:38
MERGED from [com.android.support:cardview-v7:26.1.0] AndroidManifest.xml:23:9-25:38
MERGED from [com.android.support:cardview-v7:26.1.0] AndroidManifest.xml:23:9-25:38
	android:value
		ADDED from [com.android.support:design:26.1.0] AndroidManifest.xml:28:13-35
	android:name
		ADDED from [com.android.support:design:26.1.0] AndroidManifest.xml:27:13-51
meta-data#android.arch.lifecycle.VERSION
ADDED from [android.arch.lifecycle:runtime:1.0.0] AndroidManifest.xml:25:9-27:47
	android:value
		ADDED from [android.arch.lifecycle:runtime:1.0.0] AndroidManifest.xml:27:13-44
	android:name
		ADDED from [android.arch.lifecycle:runtime:1.0.0] AndroidManifest.xml:26:13-58
uses-permission#android.permission.READ_EXTERNAL_STORAGE
IMPLIED from src/main/AndroidManifest.xml:2:1-25:12 reason: de.iosphere.sumup.pinplus.manchesterlib requested WRITE_EXTERNAL_STORAGE